[2024-09-02 23:06:51.086303] main : Signal received, terminating threads...
[2024-09-02 23:06:51.087304] main : Threads and process terminated.
[2024-09-02 23:07:01.947751] main : * Crons thread started
[2024-09-02 23:07:01.948299] main : * Clean old videos thread started
[2024-09-02 23:07:01.948299] main : * Flask thread started
[2024-09-02 23:07:06.928235] CLI : Running youtube with ['direct'] params
[2024-09-02 23:07:06.929235] youtube : ---------------
[2024-09-02 23:07:06.929235] youtube : Working https://www.youtube.com/@luisitocomunica...
[2024-09-02 23:07:41.436587] main : Signal received, terminating threads...
[2024-09-02 23:07:41.436587] main : Threads and process terminated.
[2024-09-02 23:07:51.147416] main : * Crons thread started
[2024-09-02 23:07:51.147416] main : * Clean old videos thread started
[2024-09-02 23:07:51.148415] main : * Flask thread started
[2024-09-02 23:07:55.175953] CLI : Running youtube with ['direct'] params
[2024-09-02 23:07:55.175953] youtube : ---------------
[2024-09-02 23:07:55.175953] youtube : Working https://www.youtube.com/@luisitocomunica...
[2024-09-02 23:08:16.224533] main : Signal received, terminating threads...
[2024-09-02 23:08:16.224533] main : Threads and process terminated.
[2024-09-02 23:08:18.032894] main : * Crons thread started
[2024-09-02 23:08:18.033899] main : * Clean old videos thread started
[2024-09-02 23:08:18.034675] main : * Flask thread started
[2024-09-02 23:08:24.136313] CLI : Running youtube with ['direct'] params
[2024-09-02 23:08:24.137313] youtube : ---------------
[2024-09-02 23:08:24.137313] ui : [2024-09-02 23:08:24.136313] CLI : Running youtube with ['direct'] params
[2024-09-02 23:08:24.137313] youtube : Working https://www.youtube.com/@luisitocomunica...
[2024-09-02 23:08:24.137313] ui : [2024-09-02 23:08:24.137313] youtube : ---------------
[2024-09-02 23:08:24.138314] ui : [2024-09-02 23:08:24.137313] youtube : Working https://www.youtube.com/@luisitocomunica...
[2024-09-02 23:09:00.372960] main : Signal received, terminating threads...
[2024-09-02 23:09:00.373487] main : Threads and process terminated.
[2024-09-02 23:09:01.969283] main : * Crons thread started
[2024-09-02 23:09:01.969283] main : * Clean old videos thread started
[2024-09-02 23:09:01.970283] main : * Flask thread started
[2024-09-02 23:09:05.808295] CLI : Running youtube with ['direct'] params
[2024-09-02 23:09:05.809296] youtube : ---------------
[2024-09-02 23:09:05.809296] youtube : Working https://www.youtube.com/@luisitocomunica...
[2024-09-02 23:09:05.808295] CLI : Running youtube with ['direct'] params
[2024-09-02 23:09:05.809296] youtube : ---------------
[2024-09-02 23:09:05.809296] youtube : Working https://www.youtube.com/@luisitocomunica...
[2024-09-02 23:09:46.842810] youtube : Channel URL: https://www.youtube.com/@luisitocomunica
[2024-09-02 23:09:46.843810] youtube : Channel Name: Luisito Comunica
[2024-09-02 23:09:46.843810] youtube : Channel Poster: https://yt3.googleusercontent.com/ytc/AIdro_kZJNoir4Dx1cfFwBEkRCJA5iVJmx85h6zi1LmIBHS2-FM=s0
[2024-09-02 23:09:46.843810] youtube : Channel Landscape: https://yt3.googleusercontent.com/8ztVEo1ewlYcwbX_59gUQl7VZDBJVCQkTN0T96hs0QeEGgQ055VrOOhrXHpGZXEOSEfho4A_=w2560-fcrop64=1,00005a57ffffa5a8-k-c0xffffffff-no-nd-rj
[2024-09-02 23:09:46.843810] youtube : Channel Description:
[2024-09-02 23:09:46.844809] youtube : El canal más chido de YouTube

luisitocomunica@wearedw.com
[2024-09-02 23:09:46.844809] youtube : Videos detected: 2
[2024-09-02 23:09:46.845810] youtube : ---------------
[2024-09-02 23:09:46.846809] youtube : Working https://www.youtube.com/user/xbox...
[2024-09-02 23:09:46.842810] youtube : Channel URL: https://www.youtube.com/@luisitocomunica
[2024-09-02 23:09:46.843810] youtube : Channel Name: Luisito Comunica
[2024-09-02 23:09:46.843810] youtube : Channel Poster: https://yt3.googleusercontent.com/ytc/AIdro_kZJNoir4Dx1cfFwBEkRCJA5iVJmx85h6zi1LmIBHS2-FM=s0
[2024-09-02 23:09:46.843810] youtube : Channel Landscape: https://yt3.googleusercontent.com/8ztVEo1ewlYcwbX_59gUQl7VZDBJVCQkTN0T96hs0QeEGgQ055VrOOhrXHpGZXEOSEfho4A_=w2560-fcrop64=1,00005a57ffffa5a8-k-c0xffffffff-no-nd-rj
[2024-09-02 23:09:46.843810] youtube : Channel Description:
[2024-09-02 23:09:46.844809] youtube : El canal más chido de YouTube
luisitocomunica@wearedw.com
[2024-09-02 23:09:46.844809] youtube : Videos detected: 2
[2024-09-02 23:09:46.845810] youtube : ---------------
[2024-09-02 23:09:46.846809] youtube : Working https://www.youtube.com/user/xbox...
[2024-09-02 23:10:28.007557] youtube : Channel URL: https://www.youtube.com/user/xbox
[2024-09-02 23:10:28.007557] youtube : Channel URL: https://www.youtube.com/user/xbox
[2024-09-02 23:10:28.008556] youtube : Channel Name: Xbox
[2024-09-02 23:10:28.008556] youtube : Channel Name: Xbox
s://yt3.googleusercontent.com/oBkJNuWdNwSeYN4gjg9JNFEVWeAI_-hCzii0aeOK_6IpfwDIMx83qpSK9mzjhrzXMUP9bZaCLoQ=s0
[2024-09-02 23:10:28.010322] youtube : Channel Landscape: https://yt3.googleusercontent.com/LvuM0TkbfaAWfaq5PIw0kc9aUq1Lz-UjCYXzAQXui9x0ZKTZYGiaSS2RR4nVG-VnVVS-0uHnC7o=w2560-fcrop64=1,00005a57ffffa5a8-k-c0xffffffff-no-nd-rj
[2024-09-02 23:10:28.008556] youtube : Channel Poster: https://yt3.googleusercontent.com/oBkJNuWdNwSeYN4gjg9JNFEVWeAI_-hCzii0aeOK_6IpfwDIMx83qpSK9mzjhrzXMUP9bZaCLoQ=s0
[2024-09-02 23:10:28.010322] youtube : Channel Description:
[2024-09-02 23:10:28.011326] youtube : The official home of Xbox on YouTube. When everyone plays, we all win.

"The only place on the internet where you can find world-class reveals, and random community tab drawings."

ESRB Rating: RATING PENDING to MATURE

We try our best to read every comment, and are always looking for the next opportunity to interact with our fans. That being said, the following community guidelines still apply:

Harassment is not acceptable. Cause for deletion of comments include, but is not limited to:
Verbal harassment;
Intimidation or threats;
Racist language;
Stalking; and/or
Sexually explicit, suggestive, or provocative language.

TL;DR - Keep it positive. Memes encouraged.
[2024-09-02 23:10:28.010322] youtube : Channel Landscape: https://yt3.googleusercontent.com/LvuM0TkbfaAWfaq5PIw0kc9aUq1Lz-UjCYXzAQXui9x0ZKTZYGiaSS2RR4nVG-VnVVS-0uHnC7o=w2560-fcrop64=1,00005a57ffffa5a8-k-c0xffffffff-no-nd-rj
[2024-09-02 23:10:28.011326] youtube : Videos detected: 10
[2024-09-02 23:10:28.010322] youtube : Channel Description:
[2024-09-02 23:10:28.011326] youtube : The official home of Xbox on YouTube. When everyone plays, we all win.
"The only place on the internet where you can find world-class reveals, and random community tab drawings."
ESRB Rating: RATING PENDING to MATURE
We try our best to read every comment, and are always looking for the next opportunity to interact with our fans. That being said, the following community guidelines still apply:
Harassment is not acceptable. Cause for deletion of comments include, but is not limited to:
[2024-09-02 23:10:28.018326] youtube : ---------------
[2024-09-02 23:10:28.018326] youtube : Working https://www.youtube.com/@mundodesconocido...
Verbal harassment;
Intimidation or threats;
Racist language;
Stalking; and/or
Sexually explicit, suggestive, or provocative language.
TL;DR - Keep it positive. Memes encouraged.
[2024-09-02 23:10:28.011326] youtube : Videos detected: 10
[2024-09-02 23:10:28.018326] youtube : ---------------
[2024-09-02 23:10:28.018326] youtube : Working https://www.youtube.com/@mundodesconocido...
[2024-09-02 23:11:08.799491] youtube : Channel URL: https://www.youtube.com/@mundodesconocido
[2024-09-02 23:11:08.800491] youtube : Channel Name: Mundo Desconocido
[2024-09-02 23:11:08.800491] youtube : Channel Poster: https://yt3.googleusercontent.com/p4xlThbIis9dUK0lGX6RyZQSawVrngetYhzkhKaetvShoQyDbDoc1ZsDo6jCR_qKjrp3BIAxl9o=s0
[2024-09-02 23:11:08.800491] youtube : Channel Landscape: https://yt3.googleusercontent.com/-l6oM2c9NtpH5xpE0BavudEt2LswdHECIZZ6hCjjdjaLa4o7ebMK-dKIf-2-Zrtnyy00z6DLfQ=w2560-fcrop64=1,00005a57ffffa5a8-k-c0xffffffff-no-nd-rj
[2024-09-02 23:11:08.801491] youtube : Channel Description:
[2024-09-02 23:11:08.801491] youtube : Desde hace más de 40 años, Jose Luis Camacho (JL) y sus colaboradores llevan investigando todo aquello que es Ignoto, desconocido, extraño, inexplicable… En este canal, mostramos ese inmenso Mundo Desconocido que nos ocultan.
¿Quieres sorprenderte? únete a Mundo Desconocido
[2024-09-02 23:11:08.801491] youtube : Videos detected: 2
[2024-09-02 23:11:08.802491] folder : Created directory: D:/media/Youtube/@mundodesconocido [UCnOAynBmYKA1neozHQNF0mA]
[2024-09-02 23:11:08.803495] folder : File created: D:/media/Youtube/@mundodesconocido [UCnOAynBmYKA1neozHQNF0mA]/El Gran Negocio del Agua (Con AGUAIURIS).strm
[2024-09-02 23:11:08.804494] folder : File created: D:/media/Youtube/@mundodesconocido [UCnOAynBmYKA1neozHQNF0mA]/Los Ummitas hablan sobre Jesucristo.strm
[2024-09-02 23:11:08.804494] youtube : ---------------
[2024-09-02 23:11:08.804494] youtube : Working https://www.youtube.com/@NateGentile7...
[2024-09-02 23:11:08.799491] youtube : Channel URL: https://www.youtube.com/@mundodesconocido
[2024-09-02 23:11:08.800491] youtube : Channel Name: Mundo Desconocido
[2024-09-02 23:11:08.800491] youtube : Channel Poster: https://yt3.googleusercontent.com/p4xlThbIis9dUK0lGX6RyZQSawVrngetYhzkhKaetvShoQyDbDoc1ZsDo6jCR_qKjrp3BIAxl9o=s0
[2024-09-02 23:11:08.800491] youtube : Channel Landscape: https://yt3.googleusercontent.com/-l6oM2c9NtpH5xpE0BavudEt2LswdHECIZZ6hCjjdjaLa4o7ebMK-dKIf-2-Zrtnyy00z6DLfQ=w2560-fcrop64=1,00005a57ffffa5a8-k-c0xffffffff-no-nd-rj
[2024-09-02 23:11:08.801491] youtube : Channel Description:
[2024-09-02 23:11:08.801491] youtube : Desde hace más de 40 años, Jose Luis Camacho (JL) y sus colaboradores llevan investigando todo aquello que es Ignoto, desconocido, extraño, inexplicable… En este canal, mostramos ese inmenso Mundo Desconocido que nos ocultan.
¿Quieres sorprenderte? únete a Mundo Desconocido
[2024-09-02 23:11:08.801491] youtube : Videos detected: 2
[2024-09-02 23:11:08.802491] folder : Created directory: D:/media/Youtube/@mundodesconocido [UCnOAynBmYKA1neozHQNF0mA]
[2024-09-02 23:11:08.803495] folder : File created: D:/media/Youtube/@mundodesconocido [UCnOAynBmYKA1neozHQNF0mA]/El Gran Negocio del Agua (Con AGUAIURIS).strm
[2024-09-02 23:11:08.804494] folder : File created: D:/media/Youtube/@mundodesconocido [UCnOAynBmYKA1neozHQNF0mA]/Los Ummitas hablan sobre Jesucristo.strm
[2024-09-02 23:11:08.804494] youtube : ---------------
[2024-09-02 23:11:08.804494] youtube : Working https://www.youtube.com/@NateGentile7...
[2024-09-02 23:11:47.330260] youtube : Channel URL: https://www.youtube.com/@NateGentile7
[2024-09-02 23:11:47.330260] youtube : Channel Name: Nate Gentile
[2024-09-02 23:11:47.330260] youtube : Channel URL: https://www.youtube.com/@NateGentile7
[2024-09-02 23:11:47.331260] youtube : Channel Poster: https://yt3.googleusercontent.com/H8QZlmxW1QaT2d3ILful3BbutFLO4uHmeUj5JVD1NFFDBbfkL2bj0IoE94dS8eKJoepvQhd9=s0
[2024-09-02 23:11:47.332261] youtube : Channel Landscape: https://yt3.googleusercontent.com/Y8fK0aZ12zZz27A6sb4saTwBX9EV6ihlHK6URd49ceXygAEkEN5k7OED7QNUGMkz_oTscUELXw=w2560-fcrop64=1,00005a57ffffa5a8-k-c0xffffffff-no-nd-rj
[2024-09-02 23:11:47.332261] youtube : Channel Description:
[2024-09-02 23:11:47.332261] youtube : Nate Gentile es un equipo de apasionados de tecnología, diseño, modding y hardware que creamos contenido sobre informática para entretener, enseñar y aconsejar a la hora de comprar tu próximo dispositivo.
[2024-09-02 23:11:47.332261] youtube : Videos detected: 1
[2024-09-02 23:11:47.333262] folder : Created directory: D:/media/Youtube/@NateGentile7 [UC36xmz34q02JYaZYKrMwXng]
[2024-09-02 23:11:47.330260] youtube : Channel Name: Nate Gentile
[2024-09-02 23:11:47.331260] youtube : Channel Poster: https://yt3.googleusercontent.com/H8QZlmxW1QaT2d3ILful3BbutFLO4uHmeUj5JVD1NFFDBbfkL2bj0IoE94dS8eKJoepvQhd9=s0
[2024-09-02 23:11:47.332261] youtube : Channel Landscape: https://yt3.googleusercontent.com/Y8fK0aZ12zZz27A6sb4saTwBX9EV6ihlHK6URd49ceXygAEkEN5k7OED7QNUGMkz_oTscUELXw=w2560-fcrop64=1,00005a57ffffa5a8-k-c0xffffffff-no-nd-rj
[2024-09-02 23:11:47.332261] youtube : Channel Description:
[2024-09-02 23:11:47.332261] youtube : Nate Gentile es un equipo de apasionados de tecnología, diseño, modding y hardware que creamos contenido sobre informática para entretener, enseñar y aconsejar a la hora de comprar tu próximo dispositivo.
[2024-09-02 23:11:47.332261] youtube : Videos detected: 1
[2024-09-02 23:11:47.333262] folder : Created directory: D:/media/Youtube/@NateGentile7 [UC36xmz34q02JYaZYKrMwXng]
[2024-09-02 23:11:47.334266] folder : Error writing file: 'charmap' codec can't encode character '\u0301' in position 113: character maps to <undefined>
[2024-09-02 23:11:47.334266] folder : Error writing file: 'charmap' codec can't encode character '\u0301' in position 113: character maps to <undefined>
[2024-09-02 23:11:47.338265] youtube : ---------------
[2024-09-02 23:11:47.338265] youtube : ---------------
[2024-09-02 23:11:47.339265] youtube : Working https://www.youtube.com/@SpineCard...
[2024-09-02 23:11:47.339265] youtube : Working https://www.youtube.com/@SpineCard...
[2024-09-02 23:12:13.998707] main : Signal received, terminating threads...
[2024-09-02 23:12:13.998707] main : Threads and process terminated.
[2024-09-02 23:12:22.761666] CLI : Running youtube with ['direct'] params
[2024-09-02 23:12:22.761666] youtube : ---------------
[2024-09-02 23:12:22.762665] youtube : Working https://www.youtube.com/@luisitocomunica...
[2024-09-02 23:13:07.828361] CLI : Running youtube with ['direct'] params
[2024-09-02 23:13:07.828361] youtube : ---------------
[2024-09-02 23:13:07.828361] youtube : Working https://www.youtube.com/@NateGentile7...
[2024-09-02 23:13:42.038461] youtube : Channel URL: https://www.youtube.com/@NateGentile7
[2024-09-02 23:13:42.038964] youtube : Channel Name: Nate Gentile
[2024-09-02 23:13:42.038964] youtube : Channel Poster: https://yt3.googleusercontent.com/H8QZlmxW1QaT2d3ILful3BbutFLO4uHmeUj5JVD1NFFDBbfkL2bj0IoE94dS8eKJoepvQhd9=s0
[2024-09-02 23:13:42.039553] youtube : Channel Landscape: https://yt3.googleusercontent.com/Y8fK0aZ12zZz27A6sb4saTwBX9EV6ihlHK6URd49ceXygAEkEN5k7OED7QNUGMkz_oTscUELXw=w2560-fcrop64=1,00005a57ffffa5a8-k-c0xffffffff-no-nd-rj
[2024-09-02 23:13:42.040055] youtube : Channel Description:
[2024-09-02 23:13:42.040055] youtube : Nate Gentile es un equipo de apasionados de tecnología, diseño, modding y hardware que creamos contenido sobre informática para entretener, enseñar y aconsejar a la hora de comprar tu próximo dispositivo.
[2024-09-02 23:13:42.040585] youtube : Videos detected: 1
[2024-09-02 23:13:42.041178] youtube : ---------------
[2024-09-02 23:13:42.041178] youtube : Working https://www.youtube.com/@SpineCard...
[2024-09-02 23:14:18.587559] youtube : Channel URL: https://www.youtube.com/@SpineCard
[2024-09-02 23:14:18.588560] youtube : Channel Name: SpineCard
[2024-09-02 23:14:18.588560] youtube : Channel Poster: https://yt3.googleusercontent.com/W-G_aDEtGTcJbYqJmHUKuuKqgGjQltx7nZMm-u6tTPMsw8D-DhPCzTOgnrjnIsHhC06xXwUiww=s0
[2024-09-02 23:14:18.588560] youtube : Channel Landscape: https://yt3.googleusercontent.com/kp2ME_F3JFh9_yw7MOCBQ0cgX4BkFZIezsfPq93UWAvS4HYqKFBhVHmd1Y9wtzKGeAklnBQK3kA=w2560-fcrop64=1,00005a57ffffa5a8-k-c0xffffffff-no-nd-rj
[2024-09-02 23:14:18.588560] youtube : Channel Description:
[2024-09-02 23:14:18.589560] youtube : Me froto la FRESA.
[2024-09-02 23:14:18.589560] youtube : Videos detected: 1
[2024-09-02 23:14:18.589560] folder : Created directory: D:/media/Youtube/@SpineCard [UC8679JjreNLfSCgA-2Fb4kA]
[2024-09-02 23:14:18.590560] folder : Error writing file: 'charmap' codec can't encode character '\u0301' in position 117: character maps to <undefined>
[2024-09-02 23:14:18.590560] youtube : ---------------
[2024-09-02 23:14:18.591560] youtube : Working https://www.youtube.com/@LeyendasyVideojuegos...
[2024-09-02 23:14:56.384154] youtube : Channel URL: https://www.youtube.com/@LeyendasyVideojuegos
[2024-09-02 23:14:56.384154] youtube : Channel Name: Leyendas & Videojuegos
[2024-09-02 23:14:56.384154] youtube : Channel Poster: https://yt3.googleusercontent.com/ytc/AIdro_n-lRPOdblZJINRJ79DOP30Xocq7wUEK5AbgKvdUA1g6a8=s0
[2024-09-02 23:14:56.385155] youtube : Channel Landscape: https://yt3.googleusercontent.com/BVSqu0hnwRVcgpe0EEUFlOjG4gN3ZRA7MVKgAYXKtpVqi0u8KbKs1rRsPmWv_nj5KbVkXZaL=w2560-fcrop64=1,00005a57ffffa5a8-k-c0xffffffff-no-nd-rj
[2024-09-02 23:14:56.385155] youtube : Channel Description:
[2024-09-02 23:14:56.385155] youtube : Leyendas & Videojuegos comenzó hace años como una forma de compartir historias, interpretaciones alternativas y teorías del mundo de los videojuegos. Aunque con el paso de los años se ha transformado, como un reflejo de los intereses de Eric (su creador), se ha convertido ahora en un canal de ensayos, historia, curiosidades y diseño de videojuegos. Mucho más actual y con contenido generalista, aunque siempre centrado en el mundo de los videojuegos.
[2024-09-02 23:14:56.386156] youtube : Videos detected: 1
[2024-09-02 23:14:56.386156] folder : Created directory: D:/media/Youtube/@LeyendasyVideojuegos [UCMnZ3qm76jc3SUi9Z-5OdcA]
[2024-09-02 23:14:56.387156] folder : File created: D:/media/Youtube/@LeyendasyVideojuegos [UCMnZ3qm76jc3SUi9Z-5OdcA]/Ha salido Farlands y han pasado... COSAS.strm
[2024-09-02 23:14:56.387156] youtube : ---------------
[2024-09-02 23:14:56.387156] youtube : Working https://www.youtube.com/@ZerosVlogs...
